# JRE version: Java(TM) SE Runtime Environment (8.0_121-b13) (build 1.8.0_121-b13)
# Java VM: Java HotSpot(TM) 64-Bit Server VM (25.121-b13 mixed mode windows-amd64 compressed oops)
Heap:
 PSYoungGen      total 112128K, used 81498K [0x00000000d5580000, 0x00000000dcf80000, 0x0000000100000000)
  eden space 102400K, 70% used [0x00000000d5580000,0x00000000d9b995e0,0x00000000db980000)
  from space 9728K, 99% used [0x00000000dc500000,0x00000000dce7d4c0,0x00000000dce80000)
  to   space 11264K, 0% used [0x00000000db980000,0x00000000db980000,0x00000000dc480000)
 ParOldGen       total 51712K, used 21796K [0x0000000080000000, 0x0000000083280000, 0x00000000d5580000)
  object space 51712K, 42% used [0x0000000080000000,0x0000000081549360,0x0000000083280000)
 Metaspace       used 42846K, capacity 45338K, committed 45400K, reserved 1087488K
  class space    used 5987K, capacity 6491K, committed 6528K, reserved 1048576K
GC Heap History (10 events):
Event: 4.185 GC heap before
{Heap before GC invocations=8 (full 1):
 PSYoungGen      total 66560K, used 66528K [0x00000000d5580000, 0x00000000dda80000, 0x0000000100000000)
  eden space 61440K, 100% used [0x00000000d5580000,0x00000000d9180000,0x00000000d9180000)
  from space 5120K, 99% used [0x00000000d9b80000,0x00000000da0783e0,0x00000000da080000)
  to   space 10240K, 0% used [0x00000000d9180000,0x00000000d9180000,0x00000000d9b80000)
 ParOldGen       total 51712K, used 7314K [0x0000000080000000, 0x0000000083280000, 0x00000000d5580000)
  object space 51712K, 14% used [0x0000000080000000,0x0000000080724bb8,0x0000000083280000)
 Metaspace       used 26233K, capacity 27282K, committed 27520K, reserved 1073152K
  class space    used 3585K, capacity 3848K, committed 3968K, reserved 1048576K
Event: 4.193 GC heap after
Heap after GC invocations=8 (full 1):
 PSYoungGen      total 71680K, used 7568K [0x00000000d5580000, 0x00000000dce80000, 0x0000000100000000)
  eden space 61440K, 0% used [0x00000000d5580000,0x00000000d5580000,0x00000000d9180000)
  from space 10240K, 73% used [0x00000000d9180000,0x00000000d98e43d8,0x00000000d9b80000)
  to   space 9728K, 0% used [0x00000000dc500000,0x00000000dc500000,0x00000000dce80000)
 ParOldGen       total 51712K, used 7322K [0x0000000080000000, 0x0000000083280000, 0x00000000d5580000)
  object space 51712K, 14% used [0x0000000080000000,0x0000000080726bb8,0x0000000083280000)
 Metaspace       used 26233K, capacity 27282K, committed 27520K, reserved 1073152K
  class space    used 3585K, capacity 3848K, committed 3968K, reserved 1048576K
}
Event: 4.869 GC heap before
{Heap before GC invocations=9 (full 1):
 PSYoungGen      total 71680K, used 69008K [0x00000000d5580000, 0x00000000dce80000, 0x0000000100000000)
  eden space 61440K, 100% used [0x00000000d5580000,0x00000000d9180000,0x00000000d9180000)
  from space 10240K, 73% used [0x00000000d9180000,0x00000000d98e43d8,0x00000000d9b80000)
  to   space 9728K, 0% used [0x00000000dc500000,0x00000000dc500000,0x00000000dce80000)
 ParOldGen       total 51712K, used 7322K [0x0000000080000000, 0x0000000083280000, 0x00000000d5580000)
  object space 51712K, 14% used [0x0000000080000000,0x0000000080726bb8,0x0000000083280000)
 Metaspace       used 29196K, capacity 30512K, committed 30720K, reserved 1075200K
  class space    used 4057K, capacity 4339K, committed 4352K, reserved 1048576K
Event: 4.882 GC heap after
Heap after GC invocations=9 (full 1):
 PSYoungGen      total 112128K, used 9702K [0x00000000d5580000, 0x00000000dcf80000, 0x0000000100000000)
  eden space 102400K, 0% used [0x00000000d5580000,0x00000000d5580000,0x00000000db980000)
  from space 9728K, 99% used [0x00000000dc500000,0x00000000dce79a98,0x00000000dce80000)
  to   space 11264K, 0% used [0x00000000db980000,0x00000000db980000,0x00000000dc480000)
 ParOldGen       total 51712K, used 8565K [0x0000000080000000, 0x0000000083280000, 0x00000000d5580000)
  object space 51712K, 16% used [0x0000000080000000,0x000000008085d700,0x0000000083280000)
 Metaspace       used 29196K, capacity 30512K, committed 30720K, reserved 1075200K
  class space    used 4057K, capacity 4339K, committed 4352K, reserved 1048576K
}
Event: 5.718 GC heap before
{Heap before GC invocations=10 (full 1):
 PSYoungGen      total 112128K, used 79353K [0x00000000d5580000, 0x00000000dcf80000, 0x0000000100000000)
  eden space 102400K, 68% used [0x00000000d5580000,0x00000000d9984a50,0x00000000db980000)
  from space 9728K, 99% used [0x00000000dc500000,0x00000000dce79a98,0x00000000dce80000)
  to   space 11264K, 0% used [0x00000000db980000,0x00000000db980000,0x00000000dc480000)
 ParOldGen       total 51712K, used 8565K [0x0000000080000000, 0x0000000083280000, 0x00000000d5580000)
  object space 51712K, 16% used [0x0000000080000000,0x000000008085d700,0x0000000083280000)
 Metaspace       used 33754K, capacity 35384K, committed 35416K, reserved 1079296K
  class space    used 4641K, capacity 4978K, committed 4992K, reserved 1048576K
Event: 5.735 GC heap after
Heap after GC invocations=10 (full 1):
 PSYoungGen      total 113664K, used 11260K [0x00000000d5580000, 0x00000000dcf80000, 0x0000000100000000)
  eden space 102400K, 0% used [0x00000000d5580000,0x00000000d5580000,0x00000000db980000)
  from space 11264K, 99% used [0x00000000db980000,0x00000000dc47f138,0x00000000dc480000)
  to   space 9728K, 0% used [0x00000000dc500000,0x00000000dc500000,0x00000000dce80000)
 ParOldGen       total 51712K, used 14382K [0x0000000080000000, 0x0000000083280000, 0x00000000d5580000)
  object space 51712K, 27% used [0x0000000080000000,0x0000000080e0baf0,0x0000000083280000)
 Metaspace       used 33754K, capacity 35384K, committed 35416K, reserved 1079296K
  class space    used 4641K, capacity 4978K, committed 4992K, reserved 1048576K
}
Event: 5.735 GC heap before
{Heap before GC invocations=11 (full 2):
 PSYoungGen      total 113664K, used 11260K [0x00000000d5580000, 0x00000000dcf80000, 0x0000000100000000)
  eden space 102400K, 0% used [0x00000000d5580000,0x00000000d5580000,0x00000000db980000)
  from space 11264K, 99% used [0x00000000db980000,0x00000000dc47f138,0x00000000dc480000)
  to   space 9728K, 0% used [0x00000000dc500000,0x00000000dc500000,0x00000000dce80000)
 ParOldGen       total 51712K, used 14382K [0x0000000080000000, 0x0000000083280000, 0x00000000d5580000)
  object space 51712K, 27% used [0x0000000080000000,0x0000000080e0baf0,0x0000000083280000)
 Metaspace       used 33754K, capacity 35384K, committed 35416K, reserved 1079296K
  class space    used 4641K, capacity 4978K, committed 4992K, reserved 1048576K
Event: 5.815 GC heap after
Heap after GC invocations=11 (full 2):
 PSYoungGen      total 113664K, used 0K [0x00000000d5580000, 0x00000000dcf80000, 0x0000000100000000)
  eden space 102400K, 0% used [0x00000000d5580000,0x00000000d5580000,0x00000000db980000)
  from space 11264K, 0% used [0x00000000db980000,0x00000000db980000,0x00000000dc480000)
  to   space 9728K, 0% used [0x00000000dc500000,0x00000000dc500000,0x00000000dce80000)
 ParOldGen       total 51712K, used 21634K [0x0000000080000000, 0x0000000083280000, 0x00000000d5580000)
  object space 51712K, 41% used [0x0000000080000000,0x0000000081520b80,0x0000000083280000)
 Metaspace       used 33754K, capacity 35384K, committed 35416K, reserved 1079296K
  class space    used 4641K, capacity 4978K, committed 4992K, reserved 1048576K
}
Event: 6.879 GC heap before
{Heap before GC invocations=12 (full 2):
 PSYoungGen      total 113664K, used 102400K [0x00000000d5580000, 0x00000000dcf80000, 0x0000000100000000)
  eden space 102400K, 100% used [0x00000000d5580000,0x00000000db980000,0x00000000db980000)
  from space 11264K, 0% used [0x00000000db980000,0x00000000db980000,0x00000000dc480000)
  to   space 9728K, 0% used [0x00000000dc500000,0x00000000dc500000,0x00000000dce80000)
 ParOldGen       total 51712K, used 21634K [0x0000000080000000, 0x0000000083280000, 0x00000000d5580000)
  object space 51712K, 41% used [0x0000000080000000,0x0000000081520b80,0x0000000083280000)
 Metaspace       used 39009K, capacity 40902K, committed 41048K, reserved 1085440K
  class space    used 5374K, capacity 5735K, committed 5760K, reserved 1048576K
Event: 6.889 GC heap after
Heap after GC invocations=12 (full 2):
 PSYoungGen      total 112128K, used 9717K [0x00000000d5580000, 0x00000000dcf80000, 0x0000000100000000)
  eden space 102400K, 0% used [0x00000000d5580000,0x00000000d5580000,0x00000000db980000)
  from space 9728K, 99% used [0x00000000dc500000,0x00000000dce7d4c0,0x00000000dce80000)
  to   space 11264K, 0% used [0x00000000db980000,0x00000000db980000,0x00000000dc480000)
 ParOldGen       total 51712K, used 21796K [0x0000000080000000, 0x0000000083280000, 0x00000000d5580000)
  object space 51712K, 42% used [0x0000000080000000,0x0000000081549360,0x0000000083280000)
 Metaspace       used 39009K, capacity 40902K, committed 41048K, reserved 1085440K
  class space    used 5374K, capacity 5735K, committed 5760K, reserved 1048576K
}

